2025-11-29 14:45:01,962 [INFO] - [OK] Connected to Kafka broker, topic: sensor_data
2025-11-29 14:45:01,962 [INFO] - Using Kafka for streaming. Also writing to local directory: output
2025-11-29 14:45:01,965 [INFO] - Starting generator: 10 sensors, 5.0s interval, duration: unlimiteds
2025-11-29 14:45:01,966 [INFO] - Generating REALISTIC Egyptian weather data suitable for ML models...
2025-11-29 14:48:25,841 [INFO] - [OK] Connected to Kafka broker, topic: sensor_data
2025-11-29 14:48:25,842 [INFO] - Using Kafka for streaming. Also writing to local directory: output
2025-11-29 14:48:25,844 [INFO] - Starting generator: 10 sensors, 5.0s interval, duration: unlimiteds
2025-11-29 14:48:25,844 [INFO] - Generating REALISTIC Egyptian weather data suitable for ML models...
2025-11-29 17:12:18,377 [INFO] - [OK] Connected to Kafka broker, topic: sensor_data
2025-11-29 17:12:18,378 [INFO] - Using Kafka for streaming. Also writing to local directory: output
2025-11-29 17:12:18,381 [INFO] - Starting generator: 10 sensors, 5.0s interval, duration: unlimiteds
2025-11-29 17:12:18,381 [INFO] - Generating REALISTIC Egyptian weather data suitable for ML models...
2025-11-29 17:13:18,393 [INFO] - Spike injected for ws_luxor_004: temp changed from 33.91°C to 19.4°C
2025-11-29 17:16:48,435 [INFO] - Spike injected for ws_giza_008: temp changed from 26.85°C to 36.86°C
2025-11-29 17:17:08,431 [INFO] - Spike injected for ws_cairo_001: temp changed from 26.63°C to 38.1°C
2025-11-29 17:17:50,794 [INFO] - [OK] Connected to Kafka broker, topic: sensor_data
2025-11-29 17:17:50,795 [INFO] - Using Kafka for streaming. Also writing to local directory: output
2025-11-29 17:17:50,796 [INFO] - Starting generator: 10 sensors, 5.0s interval, duration: unlimiteds
2025-11-29 17:17:50,796 [INFO] - Generating REALISTIC Egyptian weather data suitable for ML models...
2025-11-29 17:22:20,926 [INFO] - Spike injected for ws_alexandria_007: temp changed from 24.9°C to 15.6°C
2025-11-29 17:22:30,891 [INFO] - Spike injected for ws_cairo_001: temp changed from 26.26°C to 16.57°C
2025-11-29 17:45:28,881 [INFO] - [OK] Connected to Kafka broker, topic: sensor_data
2025-11-29 17:45:28,882 [INFO] - Using Kafka for streaming. Also writing to local directory: output
2025-11-29 17:45:28,884 [INFO] - Starting generator: 10 sensors, 5.0s interval, duration: unlimiteds
2025-11-29 17:45:28,884 [INFO] - Generating REALISTIC Egyptian weather data suitable for ML models...
2025-11-29 17:46:18,889 [INFO] - Spike injected for ws_cairo_006: temp changed from 27.03°C to 15.33°C
2025-11-29 17:47:18,895 [INFO] - Spike injected for ws_cairo_001: temp changed from 26.38°C to 35.77°C
2025-11-29 17:48:53,912 [INFO] - Spike injected for ws_luxor_004: temp changed from 33.54°C to 46.92°C
